1619164521.220026 client started (29610): version 3.0a, socket /tmp//tmux-1000/default, protocol 8
1619164521.220048 on Linux 5.8.0-48-generic #54~20.04.1-Ubuntu SMP Sat Mar 20 13:40:25 UTC 2021; libevent 2.1.11-stable (poll)
1619164521.220063 socket is /tmp//tmux-1000/default
1619164521.220075 trying connect
1619164521.220133 add peer 0x564626809340: 6 ((nil))
1619164521.220189 sending message 100 to peer 0x564626809340 (4 bytes)
1619164521.220195 sending message 101 to peer 0x564626809340 (16 bytes)
1619164521.220199 sending message 102 to peer 0x564626809340 (11 bytes)
1619164521.220201 sending message 108 to peer 0x564626809340 (22 bytes)
1619164521.220205 sending message 104 to peer 0x564626809340 (0 bytes)
1619164521.220209 sending message 107 to peer 0x564626809340 (4 bytes)
1619164521.220212 sending message 105 to peer 0x564626809340 (16 bytes)
1619164521.220215 sending message 105 to peer 0x564626809340 (90 bytes)
1619164521.220218 sending message 105 to peer 0x564626809340 (19 bytes)
1619164521.220221 sending message 105 to peer 0x564626809340 (20 bytes)
1619164521.220224 sending message 105 to peer 0x564626809340 (45 bytes)
1619164521.220227 sending message 105 to peer 0x564626809340 (23 bytes)
1619164521.220230 sending message 105 to peer 0x564626809340 (44 bytes)
1619164521.220233 sending message 105 to peer 0x564626809340 (37 bytes)
1619164521.220236 sending message 105 to peer 0x564626809340 (32 bytes)
1619164521.220239 sending message 105 to peer 0x564626809340 (41 bytes)
1619164521.220242 sending message 105 to peer 0x564626809340 (20 bytes)
1619164521.220245 sending message 105 to peer 0x564626809340 (23 bytes)
1619164521.220247 sending message 105 to peer 0x564626809340 (19 bytes)
1619164521.220250 sending message 105 to peer 0x564626809340 (28 bytes)
1619164521.220253 sending message 105 to peer 0x564626809340 (26 bytes)
1619164521.220256 sending message 105 to peer 0x564626809340 (27 bytes)
1619164521.220259 sending message 105 to peer 0x564626809340 (15 bytes)
1619164521.220262 sending message 105 to peer 0x564626809340 (21 bytes)
1619164521.220264 sending message 105 to peer 0x564626809340 (52 bytes)
1619164521.220267 sending message 105 to peer 0x564626809340 (41 bytes)
1619164521.220270 sending message 105 to peer 0x564626809340 (22 bytes)
1619164521.220273 sending message 105 to peer 0x564626809340 (33 bytes)
1619164521.220278 sending message 105 to peer 0x564626809340 (13 bytes)
1619164521.220281 sending message 105 to peer 0x564626809340 (18 bytes)
1619164521.220284 sending message 105 to peer 0x564626809340 (16 bytes)
1619164521.220286 sending message 105 to peer 0x564626809340 (18 bytes)
1619164521.220289 sending message 105 to peer 0x564626809340 (17 bytes)
1619164521.220292 sending message 105 to peer 0x564626809340 (1506 bytes)
1619164521.220302 sending message 105 to peer 0x564626809340 (33 bytes)
1619164521.220305 sending message 105 to peer 0x564626809340 (17 bytes)
1619164521.220308 sending message 105 to peer 0x564626809340 (86 bytes)
1619164521.220311 sending message 105 to peer 0x564626809340 (47 bytes)
1619164521.220314 sending message 105 to peer 0x564626809340 (16 bytes)
1619164521.220318 sending message 105 to peer 0x564626809340 (24 bytes)
1619164521.220320 sending message 105 to peer 0x564626809340 (34 bytes)
1619164521.220323 sending message 105 to peer 0x564626809340 (23 bytes)
1619164521.220326 sending message 105 to peer 0x564626809340 (21 bytes)
1619164521.220329 sending message 105 to peer 0x564626809340 (32 bytes)
1619164521.220332 sending message 105 to peer 0x564626809340 (12 bytes)
1619164521.220335 sending message 105 to peer 0x564626809340 (13 bytes)
1619164521.220338 sending message 105 to peer 0x564626809340 (29 bytes)
1619164521.220341 sending message 105 to peer 0x564626809340 (11 bytes)
1619164521.220344 sending message 105 to peer 0x564626809340 (8 bytes)
1619164521.220347 sending message 105 to peer 0x564626809340 (18 bytes)
1619164521.220350 sending message 105 to peer 0x564626809340 (31 bytes)
1619164521.220353 sending message 105 to peer 0x564626809340 (31 bytes)
1619164521.220363 sending message 105 to peer 0x564626809340 (23 bytes)
1619164521.220367 sending message 105 to peer 0x564626809340 (85 bytes)
1619164521.220370 sending message 105 to peer 0x564626809340 (104 bytes)
1619164521.220373 sending message 105 to peer 0x564626809340 (18 bytes)
1619164521.220376 sending message 105 to peer 0x564626809340 (54 bytes)
1619164521.220379 sending message 105 to peer 0x564626809340 (40 bytes)
1619164521.220382 sending message 105 to peer 0x564626809340 (16 bytes)
1619164521.220385 sending message 106 to peer 0x564626809340 (0 bytes)
1619164521.220388 sending message 200 to peer 0x564626809340 (4 bytes)
1619164521.220391 client loop enter
1619164521.220817 peer 0x564626809340 message 211
1619164521.220829 client_write: sessions should be nested with care, unset $TMUX to force\n
1619164521.220860 peer 0x564626809340 message 203
1619164521.220866 client loop exit
